<?xml version="1.0" encoding="UTF-8"?>
<!-- Generated by org.testng.reporters.JUnitReportReporter -->
<testsuite hostname="tokys-MacBook-Air.local" failures="0" tests="1" name="test.my.runner.TestRunner" time="0.493" errors="1" timestamp="2022-04-15T23:02:36 EDT" skipped="0">
  <testcase classname="test.my.runner.TestRunner" name="runScenario" time="0.493">
    <error message="The driver is not executable: /Users/hhh/git/AutomationTests/TestAutomation/./Drivers/chromedriver.exe" type="java.lang.IllegalStateException">
      <![CDATA[java.lang.IllegalStateException: The driver is not executable: /Users/hhh/git/AutomationTests/TestAutomation/./Drivers/chromedriver.exe
at com.google.common.base.Preconditions.checkState(Preconditions.java:585)
at org.openqa.selenium.remote.service.DriverService.checkExecutable(DriverService.java:150)
at org.openqa.selenium.remote.service.DriverService.findExecutable(DriverService.java:141)
at org.openqa.selenium.chrome.ChromeDriverService.access$000(ChromeDriverService.java:35)
at org.openqa.selenium.chrome.ChromeDriverService$Builder.findDefaultExecutable(ChromeDriverService.java:159)
at org.openqa.selenium.remote.service.DriverService$Builder.build(DriverService.java:355)
at org.openqa.selenium.chrome.ChromeDriverService.createDefaultService(ChromeDriverService.java:94)
at org.openqa.selenium.chrome.ChromeDriver.<init>(ChromeDriver.java:123)
at step.definitions.StepDefs.user_able_to_open_the_browser(StepDefs.java:18)
at âœ½.user able to open the browser(file:///Users/hhh/git/AutomationTests/TestAutomation/./Features/OrangeLogin.feature:7)
]]>
    </error>
  </testcase> <!-- runScenario -->
  <system-out/>
</testsuite> <!-- test.my.runner.TestRunner -->
