<?xml version="1.0" encoding="UTF-8"?>
<!-- Generated by org.testng.reporters.JUnitXMLReporter -->
<testsuite ignored="0" hostname="tokys-MacBook-Air.local" failures="1" tests="1" name="Default test" time="1.553" errors="0" timestamp="2022-04-15T23:02:36 EDT">
  <testcase classname="io.cucumber.testng.AbstractTestNGCucumberTests" name="runScenario" time="0.493">
    <failure type="java.lang.IllegalStateException" message="The driver is not executable: /Users/hhh/git/AutomationTests/TestAutomation/./Drivers/chromedriver.exe">
      <![CDATA[java.lang.IllegalStateException: The driver is not executable: /Users/hhh/git/AutomationTests/TestAutomation/./Drivers/chromedriver.exe
at com.google.common.base.Preconditions.checkState(Preconditions.java:585)
at org.openqa.selenium.remote.service.DriverService.checkExecutable(DriverService.java:150)
at org.openqa.selenium.remote.service.DriverService.findExecutable(DriverService.java:141)
at org.openqa.selenium.chrome.ChromeDriverService.access$000(ChromeDriverService.java:35)
at org.openqa.selenium.chrome.ChromeDriverService$Builder.findDefaultExecutable(ChromeDriverService.java:159)
at org.openqa.selenium.remote.service.DriverService$Builder.build(DriverService.java:355)
at org.openqa.selenium.chrome.ChromeDriverService.createDefaultService(ChromeDriverService.java:94)
at org.openqa.selenium.chrome.ChromeDriver.<init>(ChromeDriver.java:123)
at step.definitions.StepDefs.user_able_to_open_the_browser(StepDefs.java:18)
at âœ½.user able to open the browser(file:///Users/hhh/git/AutomationTests/TestAutomation/./Features/OrangeLogin.feature:7)
]]>
    </failure>
  </testcase> <!-- runScenario -->
</testsuite> <!-- Default test -->
